TN:
SF:src/utils/validations.js
FN:7,firstName
FN:22,verifyStockAvailability
FN:50,calculateTotalPrice
FNF:3
FNH:3
FNDA:5,firstName
FNDA:5,verifyStockAvailability
FNDA:4,calculateTotalPrice
DA:1,1
DA:2,1
DA:3,1
DA:4,1
DA:5,1
DA:6,1
DA:7,5
DA:8,5
DA:9,5
DA:10,5
DA:11,4
DA:12,5
DA:13,1
DA:14,1
DA:15,1
DA:16,1
DA:17,1
DA:18,1
DA:19,1
DA:20,1
DA:21,1
DA:22,5
DA:23,5
DA:24,5
DA:25,5
DA:26,5
DA:27,5
DA:28,5
DA:29,5
DA:30,5
DA:31,5
DA:32,5
DA:33,4
DA:34,5
DA:35,1
DA:36,1
DA:37,1
DA:38,1
DA:39,1
DA:40,1
DA:41,1
DA:42,1
DA:43,1
DA:44,1
DA:45,1
DA:46,1
DA:47,1
DA:48,1
DA:49,1
DA:50,4
DA:51,4
DA:52,4
DA:53,7
DA:54,7
DA:55,4
DA:56,4
DA:57,1
DA:58,1
LF:58
LH:58
BRDA:7,0,0,5
BRDA:10,1,0,1
BRDA:11,2,0,4
BRDA:22,3,0,5
BRDA:32,4,0,1
BRDA:33,5,0,4
BRDA:50,6,0,4
BRDA:52,7,0,7
BRF:8
BRH:8
end_of_record
