TN:
SF:src\utils\validations.js
FN:7,firstName
FN:23,verifyStockAvailability
FN:51,calculateTotalPrice
FNF:3
FNH:3
FNDA:6,firstName
FNDA:9,verifyStockAvailability
FNDA:4,calculateTotalPrice
DA:1,1
DA:2,1
DA:3,1
DA:4,1
DA:5,1
DA:6,1
DA:7,6
DA:8,6
DA:9,6
DA:10,6
DA:11,6
DA:12,5
DA:13,6
DA:14,1
DA:15,1
DA:16,1
DA:17,1
DA:18,1
DA:19,1
DA:20,1
DA:21,1
DA:22,1
DA:23,9
DA:24,9
DA:25,9
DA:26,9
DA:27,9
DA:28,9
DA:29,9
DA:30,9
DA:31,9
DA:32,9
DA:33,6
DA:34,9
DA:35,9
DA:36,1
DA:37,1
DA:38,1
DA:39,1
DA:40,1
DA:41,1
DA:42,1
DA:43,1
DA:44,1
DA:45,1
DA:46,1
DA:47,1
DA:48,1
DA:49,1
DA:50,1
DA:51,4
DA:52,4
DA:53,4
DA:54,4
DA:55,7
DA:56,7
DA:57,4
DA:58,4
DA:59,4
DA:60,1
DA:61,1
LF:61
LH:61
BRDA:7,0,0,6
BRDA:11,1,0,1
BRDA:12,2,0,5
BRDA:23,3,0,9
BRDA:32,4,0,3
BRDA:32,5,0,6
BRDA:34,6,0,4
BRDA:34,7,0,2
BRDA:51,8,0,4
BRDA:54,9,0,7
BRF:10
BRH:10
end_of_record
